current directory: /Users/javier/Documents/ruby_para_programadores/.bundle/bundle/ruby/3.2.0/gems/psych-5.1.1.1/ext/psych
/Users/javier/.asdf/installs/ruby/3.2.2/bin/ruby extconf.rb
checking for yaml.h... yes
checking for yaml_get_version() in -lyaml... yes
creating Makefile

current directory: /Users/javier/Documents/ruby_para_programadores/.bundle/bundle/ruby/3.2.0/gems/psych-5.1.1.1/ext/psych
make DESTDIR\= sitearchdir\=./.gem.20231202-30997-zcy17k sitelibdir\=./.gem.20231202-30997-zcy17k clean
cd libyaml && /Library/Developer/CommandLineTools/usr/bin/make clean
/bin/sh: line 0: cd: libyaml: No such file or directory
make: [clean-so] Error 1 (ignored)

current directory: /Users/javier/Documents/ruby_para_programadores/.bundle/bundle/ruby/3.2.0/gems/psych-5.1.1.1/ext/psych
make DESTDIR\= sitearchdir\=./.gem.20231202-30997-zcy17k sitelibdir\=./.gem.20231202-30997-zcy17k
compiling psych.c
compiling psych_emitter.c
compiling psych_parser.c
compiling psych_to_ruby.c
compiling psych_yaml_tree.c
linking shared-object psych.bundle

current directory: /Users/javier/Documents/ruby_para_programadores/.bundle/bundle/ruby/3.2.0/gems/psych-5.1.1.1/ext/psych
make DESTDIR\= sitearchdir\=./.gem.20231202-30997-zcy17k sitelibdir\=./.gem.20231202-30997-zcy17k install
/usr/local/bin/ginstall -c -m 0755 psych.bundle ./.gem.20231202-30997-zcy17k

current directory: /Users/javier/Documents/ruby_para_programadores/.bundle/bundle/ruby/3.2.0/gems/psych-5.1.1.1/ext/psych
make DESTDIR\= sitearchdir\=./.gem.20231202-30997-zcy17k sitelibdir\=./.gem.20231202-30997-zcy17k clean
cd libyaml && /Library/Developer/CommandLineTools/usr/bin/make clean
/bin/sh: line 0: cd: libyaml: No such file or directory
make: [clean-so] Error 1 (ignored)
